<?xml version="1.0" encoding="UTF-8"?>
<!-- Generated by org.testng.reporters.JUnitReportReporter -->
<testsuite hostname="DESKTOP-FQVHI6T" failures="0" tests="3"
	name="com.netBanking1.Testcases.TC_Add_Edit_DeleteCustomer_005"
	time="45.393" errors="0" timestamp="2021-09-23T18:00:31 IST"
	skipped="0">
	<testcase
		classname="com.netBanking1.Testcases.TC_Add_Edit_DeleteCustomer_005"
		name="addingNewCustomer" time="20.459" />
	<system-out />
	<testcase
		classname="com.netBanking1.Testcases.TC_Add_Edit_DeleteCustomer_005"
		name="editCustomer" time="15.261" />
	<system-out />
	<testcase
		classname="com.netBanking1.Testcases.TC_Add_Edit_DeleteCustomer_005"
		name="deleteCustomer" time="9.673" />
	<system-out />
</testsuite> <!-- com.netBanking1.Testcases.TC_Add_Edit_DeleteCustomer_005 -->
